LoginApp/app/build/intermediates/manifest_merge_blame_file/debug/manifest-merger-blame-debug-report.txt
1<?xml version="1.0" encoding="utf-8"?>
2<manifest xmlns:android="http://schemas.android.com/apk/res/android"
3    package="com.example.androidapp"
4    android:versionCode="1"
5    android:versionName="1.0" >
6
7    <uses-sdk
8        android:minSdkVersion="16"
8-->src\main\AndroidManifest.xml
9        android:targetSdkVersion="30" />
9-->src\main\AndroidManifest.xml
10
11    <application
11-->src\main\AndroidManifest.xml:5:5-25:19
12        android:allowBackup="true"
12-->src\main\AndroidManifest.xml:6:9-35
13        android:appComponentFactory="androidx.core.app.CoreComponentFactory"
13-->[androidx.core:core:1.3.2] AndroidManifest.xml:24:18-86
14        android:debuggable="true"
15        android:icon="@mipmap/ic_launcher"
15-->src\main\AndroidManifest.xml:7:9-43
16        android:label="@string/app_name"
16-->src\main\AndroidManifest.xml:8:9-41
17        android:roundIcon="@mipmap/ic_launcher_round"
17-->src\main\AndroidManifest.xml:9:9-54
18        android:supportsRtl="true"
18-->src\main\AndroidManifest.xml:10:9-35
19        android:testOnly="true"
20        android:theme="@style/Theme.AndroidApp" >
20-->src\main\AndroidManifest.xml:11:9-48
21        <activity android:name="com.example.androidapp.SignUp" />
21-->src\main\AndroidManifest.xml:12:9-53
21-->src\main\AndroidManifest.xml:12:19-41
22        <activity android:name="com.example.androidapp.MainActivity3" />
22-->src\main\AndroidManifest.xml:13:9-51
22-->src\main\AndroidManifest.xml:13:19-48
23        <activity
23-->src\main\AndroidManifest.xml:14:9-17:67
24            android:name="com.example.androidapp.MainActivity2"
24-->src\main\AndroidManifest.xml:15:13-42
25            android:label="@string/title_activity_main2"
25-->src\main\AndroidManifest.xml:16:13-57
26            android:theme="@style/Theme.AndroidApp.NoActionBar" />
26-->src\main\AndroidManifest.xml:17:13-64
27        <activity android:name="com.example.androidapp.MainActivity" >
27-->src\main\AndroidManifest.xml:18:9-24:20
27-->src\main\AndroidManifest.xml:18:19-47
28            <intent-filter>
28-->src\main\AndroidManifest.xml:19:13-23:29
29                <action android:name="android.intent.action.MAIN" />
29-->src\main\AndroidManifest.xml:20:17-69
29-->src\main\AndroidManifest.xml:20:25-66
30
31                <category android:name="android.intent.category.LAUNCHER" />
31-->src\main\AndroidManifest.xml:22:17-77
31-->src\main\AndroidManifest.xml:22:27-74
32            </intent-filter>
33        </activity>
34    </application>
35
36</manifest>